# JRE version: Java(TM) SE Runtime Environment (17.0.2+8) (build 17.0.2+8-LTS-86)
# Java VM: Java HotSpot(TM) 64-Bit Server VM (17.0.2+8-LTS-86, mixed mode, sharing, tiered, compressed oops, compressed class ptrs, g1 gc, windows-amd64)
GC Precious Log:
 CPUs: 6 total, 6 available
 Memory: 8149M
 Large Page Support: Disabled
 NUMA Support: Disabled
 Compressed Oops: Enabled (32-bit)
 Heap Region Size: 1M
 Heap Min Capacity: 8M
 Heap Initial Capacity: 128M
 Heap Max Capacity: 2038M
 Pre-touch: Disabled
 Parallel Workers: 6
 Concurrent Workers: 2
 Concurrent Refinement Workers: 6
 Periodic GC: Disabled
Heap:
 garbage-first heap   total 58368K, used 30525K [0x0000000080a00000, 0x0000000100000000)
  region size 1024K, 12 young (12288K), 3 survivors (3072K)
 Metaspace       used 57612K, committed 58112K, reserved 1105920K
  class space    used 7848K, committed 8128K, reserved 1048576K
GC Heap History (20 events):
Event: 1.722 GC heap before
{Heap before GC invocations=1 (full 0):
 garbage-first heap   total 131072K, used 28487K [0x0000000080a00000, 0x0000000100000000)
  region size 1024K, 24 young (24576K), 3 survivors (3072K)
 Metaspace       used 11116K, committed 11328K, reserved 1064960K
  class space    used 1429K, committed 1536K, reserved 1048576K
}
Event: 1.729 GC heap after
{Heap after GC invocations=2 (full 0):
 garbage-first heap   total 131072K, used 8766K [0x0000000080a00000, 0x0000000100000000)
  region size 1024K, 2 young (2048K), 2 survivors (2048K)
 Metaspace       used 11116K, committed 11328K, reserved 1064960K
  class space    used 1429K, committed 1536K, reserved 1048576K
}
Event: 2.449 GC heap before
{Heap before GC invocations=2 (full 0):
 garbage-first heap   total 131072K, used 50750K [0x0000000080a00000, 0x0000000100000000)
  region size 1024K, 43 young (44032K), 2 survivors (2048K)
 Metaspace       used 19230K, committed 19456K, reserved 1073152K
  class space    used 2421K, committed 2560K, reserved 1048576K
}
Event: 2.458 GC heap after
{Heap after GC invocations=3 (full 0):
 garbage-first heap   total 131072K, used 12184K [0x0000000080a00000, 0x0000000100000000)
  region size 1024K, 5 young (5120K), 5 survivors (5120K)
 Metaspace       used 19230K, committed 19456K, reserved 1073152K
  class space    used 2421K, committed 2560K, reserved 1048576K
}
Event: 2.680 GC heap before
{Heap before GC invocations=3 (full 0):
 garbage-first heap   total 131072K, used 23448K [0x0000000080a00000, 0x0000000100000000)
  region size 1024K, 17 young (17408K), 5 survivors (5120K)
 Metaspace       used 21261K, committed 21504K, reserved 1073152K
  class space    used 2702K, committed 2816K, reserved 1048576K
}
Event: 2.690 GC heap after
{Heap after GC invocations=4 (full 0):
 garbage-first heap   total 131072K, used 12798K [0x0000000080a00000, 0x0000000100000000)
  region size 1024K, 6 young (6144K), 6 survivors (6144K)
 Metaspace       used 21261K, committed 21504K, reserved 1073152K
  class space    used 2702K, committed 2816K, reserved 1048576K
}
Event: 3.606 GC heap before
{Heap before GC invocations=5 (full 0):
 garbage-first heap   total 48128K, used 35326K [0x0000000080a00000, 0x0000000100000000)
  region size 1024K, 29 young (29696K), 6 survivors (6144K)
 Metaspace       used 25237K, committed 25536K, reserved 1073152K
  class space    used 3290K, committed 3456K, reserved 1048576K
}
Event: 3.621 GC heap after
{Heap after GC invocations=6 (full 0):
 garbage-first heap   total 48128K, used 14952K [0x0000000080a00000, 0x0000000100000000)
  region size 1024K, 7 young (7168K), 7 survivors (7168K)
 Metaspace       used 25237K, committed 25536K, reserved 1073152K
  class space    used 3290K, committed 3456K, reserved 1048576K
}
Event: 4.255 GC heap before
{Heap before GC invocations=6 (full 0):
 garbage-first heap   total 48128K, used 33384K [0x0000000080a00000, 0x0000000100000000)
  region size 1024K, 25 young (25600K), 7 survivors (7168K)
 Metaspace       used 29308K, committed 29696K, reserved 1081344K
  class space    used 3815K, committed 3968K, reserved 1048576K
}
Event: 4.274 GC heap after
{Heap after GC invocations=7 (full 0):
 garbage-first heap   total 48128K, used 16674K [0x0000000080a00000, 0x0000000100000000)
  region size 1024K, 2 young (2048K), 2 survivors (2048K)
 Metaspace       used 29308K, committed 29696K, reserved 1081344K
  class space    used 3815K, committed 3968K, reserved 1048576K
}
Event: 4.796 GC heap before
{Heap before GC invocations=7 (full 0):
 garbage-first heap   total 48128K, used 35106K [0x0000000080a00000, 0x0000000100000000)
  region size 1024K, 20 young (20480K), 2 survivors (2048K)
 Metaspace       used 32858K, committed 33280K, reserved 1081344K
  class space    used 4313K, committed 4544K, reserved 1048576K
}
Event: 4.802 GC heap after
{Heap after GC invocations=8 (full 0):
 garbage-first heap   total 58368K, used 18066K [0x0000000080a00000, 0x0000000100000000)
  region size 1024K, 2 young (2048K), 2 survivors (2048K)
 Metaspace       used 32858K, committed 33280K, reserved 1081344K
  class space    used 4313K, committed 4544K, reserved 1048576K
}
Event: 5.073 GC heap before
{Heap before GC invocations=8 (full 0):
 garbage-first heap   total 58368K, used 28306K [0x0000000080a00000, 0x0000000100000000)
  region size 1024K, 13 young (13312K), 2 survivors (2048K)
 Metaspace       used 35615K, committed 35968K, reserved 1081344K
  class space    used 4757K, committed 4928K, reserved 1048576K
}
Event: 5.076 GC heap after
{Heap after GC invocations=9 (full 0):
 garbage-first heap   total 58368K, used 18394K [0x0000000080a00000, 0x0000000100000000)
  region size 1024K, 2 young (2048K), 2 survivors (2048K)
 Metaspace       used 35615K, committed 35968K, reserved 1081344K
  class space    used 4757K, committed 4928K, reserved 1048576K
}
Event: 5.731 GC heap before
{Heap before GC invocations=10 (full 0):
 garbage-first heap   total 58368K, used 42970K [0x0000000080a00000, 0x0000000100000000)
  region size 1024K, 27 young (27648K), 2 survivors (2048K)
 Metaspace       used 42849K, committed 43328K, reserved 1089536K
  class space    used 5745K, committed 5952K, reserved 1048576K
}
Event: 5.735 GC heap after
{Heap after GC invocations=11 (full 0):
 garbage-first heap   total 58368K, used 20192K [0x0000000080a00000, 0x0000000100000000)
  region size 1024K, 4 young (4096K), 4 survivors (4096K)
 Metaspace       used 42849K, committed 43328K, reserved 1089536K
  class space    used 5745K, committed 5952K, reserved 1048576K
}
Event: 6.280 GC heap before
{Heap before GC invocations=11 (full 0):
 garbage-first heap   total 58368K, used 42720K [0x0000000080a00000, 0x0000000100000000)
  region size 1024K, 27 young (27648K), 4 survivors (4096K)
 Metaspace       used 49324K, committed 49792K, reserved 1097728K
  class space    used 6693K, committed 6912K, reserved 1048576K
}
Event: 6.284 GC heap after
{Heap after GC invocations=12 (full 0):
 garbage-first heap   total 58368K, used 21515K [0x0000000080a00000, 0x0000000100000000)
  region size 1024K, 4 young (4096K), 4 survivors (4096K)
 Metaspace       used 49324K, committed 49792K, reserved 1097728K
  class space    used 6693K, committed 6912K, reserved 1048576K
}
Event: 6.835 GC heap before
{Heap before GC invocations=12 (full 0):
 garbage-first heap   total 58368K, used 45067K [0x0000000080a00000, 0x0000000100000000)
  region size 1024K, 27 young (27648K), 4 survivors (4096K)
 Metaspace       used 56064K, committed 56640K, reserved 1097728K
  class space    used 7710K, committed 8000K, reserved 1048576K
}
Event: 6.840 GC heap after
{Heap after GC invocations=13 (full 0):
 garbage-first heap   total 58368K, used 22333K [0x0000000080a00000, 0x0000000100000000)
  region size 1024K, 3 young (3072K), 3 survivors (3072K)
 Metaspace       used 56064K, committed 56640K, reserved 1097728K
  class space    used 7710K, committed 8000K, reserved 1048576K
}

